CatalogServer : tid=1 : 04-27-2020; 13:16:16.047 :: Catalog Server, running on http://128.119.243.175:35640...
{
  "ID": "67720min",
  "Topic": "distributed-systems",
  "Cost": 20,
  "Stock": 35000,
  "Name": "How to get a good grade in 677 in 20 minutes a day."
}
{
  "ID": "rpcdummies",
  "Topic": "distributed-systems",
  "Cost": 15,
  "Stock": 36000,
  "Name": "RPCs for Dummies."
}
{
  "ID": "xenart177",
  "Topic": "graduate-school",
  "Cost": 25,
  "Stock": 45000,
  "Name": "Xen and the Art of Surviving Graduate School."
}
{
  "ID": "impstudent",
  "Topic": "graduate-school",
  "Cost": 30,
  "Stock": 55500,
  "Name": "Cooking for the Impatient Graduate Student."
}
{
  "ID": "pioneer",
  "Topic": "graduate-school",
  "Cost": 25,
  "Stock": 50000,
  "Name": "Spring in the Pioneer Valley."
}
{
  "ID": "whytheory",
  "Topic": "graduate-school",
  "Cost": 30,
  "Stock": 40000,
  "Name": "Why theory classes are so hard."
}
{
  "ID": "project3",
  "Topic": "distributed-systems",
  "Cost": 35,
  "Stock": 58000,
  "Name": "How to finish Project 3 on time"
}
[Thread-0] INFO org.eclipse.jetty.util.log - Logging initialized @640ms to org.eclipse.jetty.util.log.Slf4jLog
[Thread-0] INFO spark.embeddedserver.jetty.EmbeddedJettyServer - == Spark has ignited ...
[Thread-0] INFO spark.embeddedserver.jetty.EmbeddedJettyServer - >> Listening on 0.0.0.0:35640
[Thread-0] INFO org.eclipse.jetty.server.Server - jetty-9.4.18.v20190429; built: 2019-04-29T20:42:08.989Z; git: e1bc35120a6617ee3df052294e433f3a25ce7097; jvm 1.8.0_252-8u252-b09-1~16.04-b09
[Thread-0] INFO org.eclipse.jetty.server.session - DefaultSessionIdManager workerName=node0
[Thread-0] INFO org.eclipse.jetty.server.session - No SessionScavenger set, using defaults
[Thread-0] INFO org.eclipse.jetty.server.session - node0 Scavenging every 600000ms
[Thread-0] INFO org.eclipse.jetty.server.AbstractConnector - Started ServerConnector@646e5be2{HTTP/1.1,[http/1.1]}{0.0.0.0:35640}
[Thread-0] INFO org.eclipse.jetty.server.Server - Started @813ms
CatalogServer : tid=31 : 04-27-2020; 13:16:18.589 :: Got token from the UIServer!
CatalogServer : tid=97 : 04-27-2020; 13:26:24.542 :: Searching for books on topic: graduate-school
CatalogServer : tid=97 : 04-27-2020; 13:26:24.548 :: ACKing jobId: 952423686-1588008384534-51
TaskQueue : tid=77 : 04-27-2020; 13:26:32.580 :: Added task: #OD541651815-1588008392573-102 to task queue!
CatalogServer : tid=32 : 04-27-2020; 13:26:32.581 :: Executing task: #OD541651815-1588008392573-102
CatalogServer : tid=32 : 04-27-2020; 13:26:32.590 :: Replicated order: #OD541651815-1588008392573-102 on replica server..
CatalogServer : tid=77 : 04-27-2020; 13:26:33.686 :: ACKing jobId: OD541651815-1588008392573-102
TaskQueue : tid=201 : 04-27-2020; 13:43:26.897 :: Added task: #OD1417571525-1588009406889-160 to task queue!
CatalogServer : tid=32 : 04-27-2020; 13:43:26.897 :: Executing task: #OD1417571525-1588009406889-160
CatalogServer : tid=32 : 04-27-2020; 13:43:26.901 :: Replicated order: #OD1417571525-1588009406889-160 on replica server..
CatalogServer : tid=201 : 04-27-2020; 13:43:28.000 :: ACKing jobId: OD1417571525-1588009406889-160
CatalogServer : tid=185 : 04-27-2020; 13:43:30.211 :: Searching for book: xenart177
CatalogServer : tid=185 : 04-27-2020; 13:43:30.212 :: ACKing jobId: 869874301-1588009410209-196
CatalogServer : tid=200 : 04-27-2020; 13:43:30.430 :: Replicating order: #OD1846480874-1588009410422-81..
CatalogServer : tid=201 : 04-27-2020; 13:43:33.954 :: Replicating order: #OD821752379-1588009413949-160..
CatalogServer : tid=201 : 04-27-2020; 13:43:37.263 :: Searching for book: xenart177
CatalogServer : tid=201 : 04-27-2020; 13:43:37.265 :: ACKing jobId: 1072725193-1588009417261-212
TaskQueue : tid=173 : 04-27-2020; 13:43:37.475 :: Added task: #OD641533055-1588009417471-220 to task queue!
CatalogServer : tid=32 : 04-27-2020; 13:43:37.475 :: Executing task: #OD641533055-1588009417471-220
CatalogServer : tid=32 : 04-27-2020; 13:43:37.478 :: Replicated order: #OD641533055-1588009417471-220 on replica server..
CatalogServer : tid=173 : 04-27-2020; 13:43:38.577 :: ACKing jobId: OD641533055-1588009417471-220
TaskQueue : tid=185 : 04-27-2020; 13:43:40.997 :: Added task: #OD1232390768-1588009420994-220 to task queue!
CatalogServer : tid=32 : 04-27-2020; 13:43:40.998 :: Executing task: #OD1232390768-1588009420994-220
CatalogServer : tid=32 : 04-27-2020; 13:43:41.001 :: Replicated order: #OD1232390768-1588009420994-220 on replica server..
CatalogServer : tid=185 : 04-27-2020; 13:43:42.099 :: ACKing jobId: OD1232390768-1588009420994-220
CatalogServer : tid=173 : 04-27-2020; 13:43:44.307 :: Searching for book: xenart177
CatalogServer : tid=173 : 04-27-2020; 13:43:44.309 :: ACKing jobId: 1477909080-1588009424306-81
CatalogServer : tid=200 : 04-27-2020; 13:43:44.725 :: Replicating order: #OD1038870572-1588009424720-220..
CatalogServer : tid=200 : 04-27-2020; 13:43:48.033 :: Searching for book: 67720min
CatalogServer : tid=200 : 04-27-2020; 13:43:48.035 :: ACKing jobId: 1736390086-1588009428032-212
CatalogServer : tid=173 : 04-27-2020; 13:43:48.247 :: Replicating order: #OD1324429039-1588009428241-81..
TaskQueue : tid=185 : 04-27-2020; 13:43:51.667 :: Added task: #OD349834373-1588009431664-196 to task queue!
CatalogServer : tid=32 : 04-27-2020; 13:43:51.667 :: Executing task: #OD349834373-1588009431664-196
CatalogServer : tid=32 : 04-27-2020; 13:43:51.670 :: Replicated order: #OD349834373-1588009431664-196 on replica server..
CatalogServer : tid=185 : 04-27-2020; 13:43:52.768 :: ACKing jobId: OD349834373-1588009431664-196
CatalogServer : tid=201 : 04-27-2020; 13:43:54.975 :: Searching for book: 67720min
CatalogServer : tid=201 : 04-27-2020; 13:43:54.977 :: ACKing jobId: 2024894377-1588009434975-221
TaskQueue : tid=185 : 04-27-2020; 13:43:55.187 :: Added task: #OD375808228-1588009435184-212 to task queue!
CatalogServer : tid=32 : 04-27-2020; 13:43:55.187 :: Executing task: #OD375808228-1588009435184-212
CatalogServer : tid=32 : 04-27-2020; 13:43:55.190 :: Replicated order: #OD375808228-1588009435184-212 on replica server..
CatalogServer : tid=185 : 04-27-2020; 13:43:56.288 :: ACKing jobId: OD375808228-1588009435184-212
CatalogServer : tid=200 : 04-27-2020; 13:43:58.707 :: Replicating order: #OD1775971928-1588009438703-160..
CatalogServer : tid=173 : 04-27-2020; 13:44:02.017 :: Searching for book: 67720min
CatalogServer : tid=173 : 04-27-2020; 13:44:02.018 :: ACKing jobId: 1420123077-1588009442015-221
CatalogServer : tid=172 : 04-27-2020; 13:44:02.334 :: Replicating order: #OD214442305-1588009442329-212..
CatalogServer : tid=172 : 04-27-2020; 13:44:05.641 :: Searching for book: rpcdummies
CatalogServer : tid=172 : 04-27-2020; 13:44:05.644 :: ACKing jobId: 883977014-1588009445640-160
TaskQueue : tid=173 : 04-27-2020; 13:44:05.753 :: Added task: #OD1234015711-1588009445750-212 to task queue!
CatalogServer : tid=32 : 04-27-2020; 13:44:05.754 :: Executing task: #OD1234015711-1588009445750-212
CatalogServer : tid=32 : 04-27-2020; 13:44:05.757 :: Replicated order: #OD1234015711-1588009445750-212 on replica server..
CatalogServer : tid=173 : 04-27-2020; 13:44:06.855 :: ACKing jobId: OD1234015711-1588009445750-212
TaskQueue : tid=172 : 04-27-2020; 13:44:09.274 :: Added task: #OD1331188323-1588009449271-81 to task queue!
CatalogServer : tid=32 : 04-27-2020; 13:44:09.275 :: Executing task: #OD1331188323-1588009449271-81
CatalogServer : tid=32 : 04-27-2020; 13:44:09.278 :: Replicated order: #OD1331188323-1588009449271-81 on replica server..
CatalogServer : tid=172 : 04-27-2020; 13:44:10.376 :: ACKing jobId: OD1331188323-1588009449271-81
CatalogServer : tid=133 : 04-27-2020; 13:44:12.582 :: Searching for book: rpcdummies
CatalogServer : tid=133 : 04-27-2020; 13:44:12.584 :: ACKing jobId: 562633624-1588009452582-212
CatalogServer : tid=200 : 04-27-2020; 13:44:12.794 :: Replicating order: #OD1024268018-1588009452790-196..
CatalogServer : tid=172 : 04-27-2020; 13:44:15.313 :: Replicating order: #OD1812391105-1588009455309-212..
CatalogServer : tid=173 : 04-27-2020; 13:44:18.621 :: Searching for book: rpcdummies
CatalogServer : tid=173 : 04-27-2020; 13:44:18.622 :: ACKing jobId: 399917059-1588009458619-220
TaskQueue : tid=185 : 04-27-2020; 13:44:19.035 :: Added task: #OD1753374836-1588009459032-212 to task queue!
CatalogServer : tid=32 : 04-27-2020; 13:44:19.035 :: Executing task: #OD1753374836-1588009459032-212
CatalogServer : tid=32 : 04-27-2020; 13:44:19.038 :: Replicated order: #OD1753374836-1588009459032-212 on replica server..
CatalogServer : tid=185 : 04-27-2020; 13:44:20.137 :: ACKing jobId: OD1753374836-1588009459032-212
CatalogServer : tid=185 : 04-27-2020; 13:44:22.344 :: Searching for book: impstudent
CatalogServer : tid=185 : 04-27-2020; 13:44:22.346 :: ACKing jobId: 109811031-1588009462343-81
TaskQueue : tid=185 : 04-27-2020; 13:44:22.554 :: Added task: #OD891273069-1588009462551-160 to task queue!
CatalogServer : tid=32 : 04-27-2020; 13:44:22.554 :: Executing task: #OD891273069-1588009462551-160
CatalogServer : tid=32 : 04-27-2020; 13:44:22.557 :: Replicated order: #OD891273069-1588009462551-160 on replica server..
CatalogServer : tid=185 : 04-27-2020; 13:44:23.655 :: ACKing jobId: OD891273069-1588009462551-160
CatalogServer : tid=133 : 04-27-2020; 13:44:26.095 :: Replicating order: #OD379269759-1588009466070-196..
CatalogServer : tid=173 : 04-27-2020; 13:44:29.404 :: Searching for book: impstudent
CatalogServer : tid=173 : 04-27-2020; 13:44:29.406 :: ACKing jobId: 1593525317-1588009469402-224
CatalogServer : tid=200 : 04-27-2020; 13:44:29.615 :: Replicating order: #OD2057689213-1588009469611-196..
TaskQueue : tid=185 : 04-27-2020; 13:44:33.134 :: Added task: #OD1704359186-1588009473131-224 to task queue!
CatalogServer : tid=32 : 04-27-2020; 13:44:33.134 :: Executing task: #OD1704359186-1588009473131-224
CatalogServer : tid=32 : 04-27-2020; 13:44:33.137 :: Replicated order: #OD1704359186-1588009473131-224 on replica server..
CatalogServer : tid=185 : 04-27-2020; 13:44:34.235 :: ACKing jobId: OD1704359186-1588009473131-224
CatalogServer : tid=200 : 04-27-2020; 13:44:35.442 :: Searching for book: impstudent
CatalogServer : tid=200 : 04-27-2020; 13:44:35.444 :: ACKing jobId: 957855846-1588009475441-220
TaskQueue : tid=133 : 04-27-2020; 13:44:35.855 :: Added task: #OD638560688-1588009475852-224 to task queue!
CatalogServer : tid=32 : 04-27-2020; 13:44:35.855 :: Executing task: #OD638560688-1588009475852-224
CatalogServer : tid=32 : 04-27-2020; 13:44:35.858 :: Replicated order: #OD638560688-1588009475852-224 on replica server..
CatalogServer : tid=133 : 04-27-2020; 13:44:36.956 :: ACKing jobId: OD638560688-1588009475852-224
CatalogServer : tid=185 : 04-27-2020; 13:44:39.162 :: Searching for book: project3
CatalogServer : tid=185 : 04-27-2020; 13:44:39.164 :: ACKing jobId: 49066288-1588009479162-81
CatalogServer : tid=172 : 04-27-2020; 13:44:39.373 :: Replicating order: #OD371454419-1588009479369-220..
CatalogServer : tid=173 : 04-27-2020; 13:44:42.893 :: Replicating order: #OD1550207467-1588009482889-81..
CatalogServer : tid=172 : 04-27-2020; 13:44:46.200 :: Searching for book: project3
CatalogServer : tid=172 : 04-27-2020; 13:44:46.202 :: ACKing jobId: 1782156524-1588009486199-160
TaskQueue : tid=185 : 04-27-2020; 13:44:46.411 :: Added task: #OD1814237945-1588009486408-220 to task queue!
CatalogServer : tid=32 : 04-27-2020; 13:44:46.412 :: Executing task: #OD1814237945-1588009486408-220
CatalogServer : tid=32 : 04-27-2020; 13:44:46.415 :: Replicated order: #OD1814237945-1588009486408-220 on replica server..
CatalogServer : tid=185 : 04-27-2020; 13:44:47.514 :: ACKing jobId: OD1814237945-1588009486408-220
TaskQueue : tid=185 : 04-27-2020; 13:44:49.930 :: Added task: #OD80282979-1588009489928-196 to task queue!
CatalogServer : tid=32 : 04-27-2020; 13:44:49.931 :: Executing task: #OD80282979-1588009489928-196
CatalogServer : tid=32 : 04-27-2020; 13:44:49.934 :: Replicated order: #OD80282979-1588009489928-196 on replica server..
CatalogServer : tid=185 : 04-27-2020; 13:44:51.032 :: ACKing jobId: OD80282979-1588009489928-196
CatalogServer : tid=173 : 04-27-2020; 13:44:53.238 :: Searching for book: project3
CatalogServer : tid=173 : 04-27-2020; 13:44:53.240 :: ACKing jobId: 1226696962-1588009493237-212
CatalogServer : tid=173 : 04-27-2020; 13:44:53.553 :: Replicating order: #OD1304790505-1588009493549-196..
CatalogServer : tid=133 : 04-27-2020; 13:44:56.860 :: Searching for book: pioneer
CatalogServer : tid=133 : 04-27-2020; 13:44:56.862 :: ACKing jobId: 1411529284-1588009496859-224
CatalogServer : tid=231 : 04-27-2020; 13:44:56.972 :: Replicating order: #OD1356215189-1588009496967-160..
TaskQueue : tid=133 : 04-27-2020; 13:45:00.490 :: Added task: #OD1150400699-1588009500487-224 to task queue!
CatalogServer : tid=32 : 04-27-2020; 13:45:00.490 :: Executing task: #OD1150400699-1588009500487-224
CatalogServer : tid=32 : 04-27-2020; 13:45:00.493 :: Replicated order: #OD1150400699-1588009500487-224 on replica server..
CatalogServer : tid=133 : 04-27-2020; 13:45:01.592 :: ACKing jobId: OD1150400699-1588009500487-224
CatalogServer : tid=172 : 04-27-2020; 13:45:03.798 :: Searching for book: pioneer
CatalogServer : tid=172 : 04-27-2020; 13:45:03.800 :: ACKing jobId: 713666410-1588009503797-81
TaskQueue : tid=200 : 04-27-2020; 13:45:04.007 :: Added task: #OD990875902-1588009504004-224 to task queue!
CatalogServer : tid=32 : 04-27-2020; 13:45:04.007 :: Executing task: #OD990875902-1588009504004-224
CatalogServer : tid=32 : 04-27-2020; 13:45:04.009 :: Replicated order: #OD990875902-1588009504004-224 on replica server..
CatalogServer : tid=200 : 04-27-2020; 13:45:05.108 :: ACKing jobId: OD990875902-1588009504004-224
CatalogServer : tid=185 : 04-27-2020; 13:45:07.526 :: Replicating order: #OD292880275-1588009507522-212..
CatalogServer : tid=200 : 04-27-2020; 13:45:10.833 :: Searching for book: pioneer
CatalogServer : tid=200 : 04-27-2020; 13:45:10.835 :: ACKing jobId: 645948735-1588009510832-220
CatalogServer : tid=133 : 04-27-2020; 13:45:11.248 :: Replicating order: #OD1407505620-1588009511244-160..
CatalogServer : tid=173 : 04-27-2020; 13:45:14.556 :: Searching for book: whytheory
CatalogServer : tid=173 : 04-27-2020; 13:45:14.558 :: ACKing jobId: 1867465517-1588009514555-225
TaskQueue : tid=172 : 04-27-2020; 13:45:14.764 :: Added task: #OD1751565446-1588009514762-196 to task queue!
CatalogServer : tid=32 : 04-27-2020; 13:45:14.765 :: Executing task: #OD1751565446-1588009514762-196
CatalogServer : tid=32 : 04-27-2020; 13:45:14.768 :: Replicated order: #OD1751565446-1588009514762-196 on replica server..
CatalogServer : tid=172 : 04-27-2020; 13:45:15.866 :: ACKing jobId: OD1751565446-1588009514762-196
TaskQueue : tid=231 : 04-27-2020; 13:45:18.286 :: Added task: #OD609795640-1588009518283-81 to task queue!
CatalogServer : tid=32 : 04-27-2020; 13:45:18.287 :: Executing task: #OD609795640-1588009518283-81
CatalogServer : tid=32 : 04-27-2020; 13:45:18.290 :: Replicated order: #OD609795640-1588009518283-81 on replica server..
CatalogServer : tid=231 : 04-27-2020; 13:45:19.388 :: ACKing jobId: OD609795640-1588009518283-81
CatalogServer : tid=133 : 04-27-2020; 13:45:21.595 :: Searching for book: whytheory
CatalogServer : tid=133 : 04-27-2020; 13:45:21.597 :: ACKing jobId: 152562307-1588009521593-220
CatalogServer : tid=185 : 04-27-2020; 13:45:21.805 :: Replicating order: #OD1741100761-1588009521801-160..
CatalogServer : tid=133 : 04-27-2020; 13:45:24.324 :: Replicating order: #OD1926986733-1588009524320-225..
CatalogServer : tid=231 : 04-27-2020; 13:45:26.632 :: Searching for book: whytheory
CatalogServer : tid=231 : 04-27-2020; 13:45:26.633 :: ACKing jobId: 1597022091-1588009526631-212
java.io.IOException: Premature EOF
	at sun.net.www.http.ChunkedInputStream.readAheadBlocking(ChunkedInputStream.java:565)
	at sun.net.www.http.ChunkedInputStream.readAhead(ChunkedInputStream.java:609)
	at sun.net.www.http.ChunkedInputStream.read(ChunkedInputStream.java:696)
	at java.io.FilterInputStream.read(FilterInputStream.java:133)
	at sun.net.www.protocol.http.HttpURLConnection$HttpInputStream.read(HttpURLConnection.java:3454)
	at sun.nio.cs.StreamDecoder.readBytes(StreamDecoder.java:284)
	at sun.nio.cs.StreamDecoder.implRead(StreamDecoder.java:326)
	at sun.nio.cs.StreamDecoder.read(StreamDecoder.java:178)
	at java.io.InputStreamReader.read(InputStreamReader.java:184)
	at java.io.BufferedReader.fill(BufferedReader.java:161)
	at java.io.BufferedReader.readLine(BufferedReader.java:324)
	at java.io.BufferedReader.readLine(BufferedReader.java:389)
	at pygmy.com.utils.HttpRESTUtils.httpPost(HttpRESTUtils.java:70)
	at pygmy.com.catalog.CatalogServer.transferToken(CatalogServer.java:470)
	at pygmy.com.catalog.CatalogServer.access$500(CatalogServer.java:32)
	at pygmy.com.catalog.CatalogServer$4.run(CatalogServer.java:414)
	at java.lang.Thread.run(Thread.java:748)
java.net.ConnectException: Connection refused (Connection refused)
	at java.net.PlainSocketImpl.socketConnect(Native Method)
	at java.net.AbstractPlainSocketImpl.doConnect(AbstractPlainSocketImpl.java:350)
	at java.net.AbstractPlainSocketImpl.connectToAddress(AbstractPlainSocketImpl.java:206)
	at java.net.AbstractPlainSocketImpl.connect(AbstractPlainSocketImpl.java:188)
	at java.net.SocksSocketImpl.connect(SocksSocketImpl.java:392)
	at java.net.Socket.connect(Socket.java:607)
	at sun.net.NetworkClient.doConnect(NetworkClient.java:175)
	at sun.net.www.http.HttpClient.openServer(HttpClient.java:463)
	at sun.net.www.http.HttpClient.openServer(HttpClient.java:558)
	at sun.net.www.http.HttpClient.<init>(HttpClient.java:242)
	at sun.net.www.http.HttpClient.New(HttpClient.java:339)
	at sun.net.www.http.HttpClient.New(HttpClient.java:357)
	at sun.net.www.protocol.http.HttpURLConnection.getNewHttpClient(HttpURLConnection.java:1226)
	at sun.net.www.protocol.http.HttpURLConnection.plainConnect0(HttpURLConnection.java:1162)
	at sun.net.www.protocol.http.HttpURLConnection.plainConnect(HttpURLConnection.java:1056)
	at sun.net.www.protocol.http.HttpURLConnection.connect(HttpURLConnection.java:990)
	at sun.net.www.protocol.http.HttpURLConnection.getInputStream0(HttpURLConnection.java:1570)
	at sun.net.www.protocol.http.HttpURLConnection.getInputStream(HttpURLConnection.java:1498)
	at pygmy.com.utils.HttpRESTUtils.httpPost(HttpRESTUtils.java:66)
	at pygmy.com.catalog.CatalogServer.transferToken(CatalogServer.java:470)
	at pygmy.com.catalog.CatalogServer.access$500(CatalogServer.java:32)
	at pygmy.com.catalog.CatalogServer$4.run(CatalogServer.java:414)
	at java.lang.Thread.run(Thread.java:748)
CatalogServer : tid=271 : 04-27-2020; 13:50:53.552 :: Searching for books on topic: distributed-systems
CatalogServer : tid=271 : 04-27-2020; 13:50:53.556 :: ACKing jobId: 1431978076-1588009851527-235
CatalogServer : tid=251 : 04-27-2020; 13:50:53.743 :: Searching for book: impstudent
CatalogServer : tid=251 : 04-27-2020; 13:50:53.745 :: ACKing jobId: 568546232-1588009853742-81
CatalogServer : tid=258 : 04-27-2020; 13:50:53.848 :: Searching for book: xenart177
CatalogServer : tid=258 : 04-27-2020; 13:50:53.850 :: ACKing jobId: 485682882-1588009853848-160
CatalogServer : tid=252 : 04-27-2020; 13:50:54.054 :: Searching for book: 67720min
CatalogServer : tid=252 : 04-27-2020; 13:50:54.067 :: ACKing jobId: 1927420496-1588009854053-236
CatalogServer : tid=270 : 04-27-2020; 13:50:54.270 :: Searching for book: rpcdummies
CatalogServer : tid=270 : 04-27-2020; 13:50:54.272 :: ACKing jobId: 1286517834-1588009854269-81
TaskQueue : tid=271 : 04-27-2020; 13:50:57.865 :: Added task: DEFAULT to task queue!
java.net.ConnectException: Connection refused (Connection refused)
	at java.net.PlainSocketImpl.socketConnect(Native Method)
	at java.net.AbstractPlainSocketImpl.doConnect(AbstractPlainSocketImpl.java:350)
	at java.net.AbstractPlainSocketImpl.connectToAddress(AbstractPlainSocketImpl.java:206)
	at java.net.AbstractPlainSocketImpl.connect(AbstractPlainSocketImpl.java:188)
	at java.net.SocksSocketImpl.connect(SocksSocketImpl.java:392)
	at java.net.Socket.connect(Socket.java:607)
	at sun.net.NetworkClient.doConnect(NetworkClient.java:175)
	at sun.net.www.http.HttpClient.openServer(HttpClient.java:463)
	at sun.net.www.http.HttpClient.openServer(HttpClient.java:558)
	at sun.net.www.http.HttpClient.<init>(HttpClient.java:242)
	at sun.net.www.http.HttpClient.New(HttpClient.java:339)
	at sun.net.www.http.HttpClient.New(HttpClient.java:357)
	at sun.net.www.protocol.http.HttpURLConnection.getNewHttpClient(HttpURLConnection.java:1226)
	at sun.net.www.protocol.http.HttpURLConnection.plainConnect0(HttpURLConnection.java:1162)
	at sun.net.www.protocol.http.HttpURLConnection.plainConnect(HttpURLConnection.java:1056)
	at sun.net.www.protocol.http.HttpURLConnection.connect(HttpURLConnection.java:990)
	at sun.net.www.protocol.http.HttpURLConnection.getInputStream0(HttpURLConnection.java:1570)
	at sun.net.www.protocol.http.HttpURLConnection.getInputStream(HttpURLConnection.java:1498)
	at pygmy.com.utils.HttpRESTUtils.httpGet(HttpRESTUtils.java:29)
	at pygmy.com.catalog.CatalogServer.isAlive(CatalogServer.java:454)
	at pygmy.com.catalog.CatalogServer.access$600(CatalogServer.java:32)
	at pygmy.com.catalog.CatalogServer$4.run(CatalogServer.java:428)
	at java.lang.Thread.run(Thread.java:748)
CatalogServer : tid=32 : 04-27-2020; 13:50:57.866 :: Forcibly acquiring the token since replica server seems to be down..
CatalogServer : tid=32 : 04-27-2020; 13:50:57.866 :: Executing task: DEFAULT
java.net.ConnectException: Connection refused (Connection refused)
	at java.net.PlainSocketImpl.socketConnect(Native Method)
	at java.net.AbstractPlainSocketImpl.doConnect(AbstractPlainSocketImpl.java:350)
	at java.net.AbstractPlainSocketImpl.connectToAddress(AbstractPlainSocketImpl.java:206)
	at java.net.AbstractPlainSocketImpl.connect(AbstractPlainSocketImpl.java:188)
	at java.net.SocksSocketImpl.connect(SocksSocketImpl.java:392)
	at java.net.Socket.connect(Socket.java:607)
	at sun.net.NetworkClient.doConnect(NetworkClient.java:175)
	at sun.net.www.http.HttpClient.openServer(HttpClient.java:463)
	at sun.net.www.http.HttpClient.openServer(HttpClient.java:558)
	at sun.net.www.http.HttpClient.<init>(HttpClient.java:242)
	at sun.net.www.http.HttpClient.New(HttpClient.java:339)
	at sun.net.www.http.HttpClient.New(HttpClient.java:357)
	at sun.net.www.protocol.http.HttpURLConnection.getNewHttpClient(HttpURLConnection.java:1226)
	at sun.net.www.protocol.http.HttpURLConnection.plainConnect0(HttpURLConnection.java:1162)
	at sun.net.www.protocol.http.HttpURLConnection.plainConnect(HttpURLConnection.java:1056)
	at sun.net.www.protocol.http.HttpURLConnection.connect(HttpURLConnection.java:990)
	at sun.net.www.protocol.http.HttpURLConnection.getOutputStream0(HttpURLConnection.java:1340)
	at sun.net.www.protocol.http.HttpURLConnection.getOutputStream(HttpURLConnection.java:1315)
	at pygmy.com.utils.HttpRESTUtils.httpPostJSON(HttpRESTUtils.java:105)
	at pygmy.com.catalog.CatalogServer$4.run(CatalogServer.java:399)
	at java.lang.Thread.run(Thread.java:748)
CatalogServer : tid=32 : 04-27-2020; 13:50:57.867 :: Replicated order: DEFAULT on replica server..
java.net.ConnectException: Connection refused (Connection refused)
	at java.net.PlainSocketImpl.socketConnect(Native Method)
	at java.net.AbstractPlainSocketImpl.doConnect(AbstractPlainSocketImpl.java:350)
	at java.net.AbstractPlainSocketImpl.connectToAddress(AbstractPlainSocketImpl.java:206)
	at java.net.AbstractPlainSocketImpl.connect(AbstractPlainSocketImpl.java:188)
	at java.net.SocksSocketImpl.connect(SocksSocketImpl.java:392)
	at java.net.Socket.connect(Socket.java:607)
	at sun.net.NetworkClient.doConnect(NetworkClient.java:175)
	at sun.net.www.http.HttpClient.openServer(HttpClient.java:463)
	at sun.net.www.http.HttpClient.openServer(HttpClient.java:558)
	at sun.net.www.http.HttpClient.<init>(HttpClient.java:242)
	at sun.net.www.http.HttpClient.New(HttpClient.java:339)
	at sun.net.www.http.HttpClient.New(HttpClient.java:357)
	at sun.net.www.protocol.http.HttpURLConnection.getNewHttpClient(HttpURLConnection.java:1226)
	at sun.net.www.protocol.http.HttpURLConnection.plainConnect0(HttpURLConnection.java:1162)
	at sun.net.www.protocol.http.HttpURLConnection.plainConnect(HttpURLConnection.java:1056)
	at sun.net.www.protocol.http.HttpURLConnection.connect(HttpURLConnection.java:990)
	at sun.net.www.protocol.http.HttpURLConnection.getInputStream0(HttpURLConnection.java:1570)
	at sun.net.www.protocol.http.HttpURLConnection.getInputStream(HttpURLConnection.java:1498)
	at pygmy.com.utils.HttpRESTUtils.httpPost(HttpRESTUtils.java:66)
	at pygmy.com.catalog.CatalogServer.transferToken(CatalogServer.java:470)
	at pygmy.com.catalog.CatalogServer.access$500(CatalogServer.java:32)
	at pygmy.com.catalog.CatalogServer$4.run(CatalogServer.java:414)
	at java.lang.Thread.run(Thread.java:748)
CatalogServer : tid=271 : 04-27-2020; 13:50:58.966 :: ACKing jobId: EFAULT
CatalogServer : tid=251 : 04-27-2020; 13:50:58.969 :: Searching for book: xenart177
CatalogServer : tid=251 : 04-27-2020; 13:50:58.971 :: ACKing jobId: 302823355-1588009858968-160
TaskQueue : tid=252 : 04-27-2020; 13:50:59.177 :: Added task: #OD1112120770-1588009859174-258 to task queue!
java.net.ConnectException: Connection refused (Connection refused)
	at java.net.PlainSocketImpl.socketConnect(Native Method)
	at java.net.AbstractPlainSocketImpl.doConnect(AbstractPlainSocketImpl.java:350)
	at java.net.AbstractPlainSocketImpl.connectToAddress(AbstractPlainSocketImpl.java:206)
	at java.net.AbstractPlainSocketImpl.connect(AbstractPlainSocketImpl.java:188)
	at java.net.SocksSocketImpl.connect(SocksSocketImpl.java:392)
	at java.net.Socket.connect(Socket.java:607)
	at sun.net.NetworkClient.doConnect(NetworkClient.java:175)
	at sun.net.www.http.HttpClient.openServer(HttpClient.java:463)
	at sun.net.www.http.HttpClient.openServer(HttpClient.java:558)
	at sun.net.www.http.HttpClient.<init>(HttpClient.java:242)
	at sun.net.www.http.HttpClient.New(HttpClient.java:339)
	at sun.net.www.http.HttpClient.New(HttpClient.java:357)
	at sun.net.www.protocol.http.HttpURLConnection.getNewHttpClient(HttpURLConnection.java:1226)
	at sun.net.www.protocol.http.HttpURLConnection.plainConnect0(HttpURLConnection.java:1162)
	at sun.net.www.protocol.http.HttpURLConnection.plainConnect(HttpURLConnection.java:1056)
	at sun.net.www.protocol.http.HttpURLConnection.connect(HttpURLConnection.java:990)
	at sun.net.www.protocol.http.HttpURLConnection.getInputStream0(HttpURLConnection.java:1570)
	at sun.net.www.protocol.http.HttpURLConnection.getInputStream(HttpURLConnection.java:1498)
	at pygmy.com.utils.HttpRESTUtils.httpGet(HttpRESTUtils.java:29)
	at pygmy.com.catalog.CatalogServer.isAlive(CatalogServer.java:454)
	at pygmy.com.catalog.CatalogServer.access$600(CatalogServer.java:32)
	at pygmy.com.catalog.CatalogServer$4.run(CatalogServer.java:428)
	at java.lang.Thread.run(Thread.java:748)
CatalogServer : tid=32 : 04-27-2020; 13:50:59.177 :: Forcibly acquiring the token since replica server seems to be down..
CatalogServer : tid=32 : 04-27-2020; 13:50:59.178 :: Executing task: #OD1112120770-1588009859174-258
java.net.ConnectException: Connection refused (Connection refused)
	at java.net.PlainSocketImpl.socketConnect(Native Method)
	at java.net.AbstractPlainSocketImpl.doConnect(AbstractPlainSocketImpl.java:350)
	at java.net.AbstractPlainSocketImpl.connectToAddress(AbstractPlainSocketImpl.java:206)
	at java.net.AbstractPlainSocketImpl.connect(AbstractPlainSocketImpl.java:188)
	at java.net.SocksSocketImpl.connect(SocksSocketImpl.java:392)
	at java.net.Socket.connect(Socket.java:607)
	at sun.net.NetworkClient.doConnect(NetworkClient.java:175)
	at sun.net.www.http.HttpClient.openServer(HttpClient.java:463)
	at sun.net.www.http.HttpClient.openServer(HttpClient.java:558)
	at sun.net.www.http.HttpClient.<init>(HttpClient.java:242)
	at sun.net.www.http.HttpClient.New(HttpClient.java:339)
	at sun.net.www.http.HttpClient.New(HttpClient.java:357)
	at sun.net.www.protocol.http.HttpURLConnection.getNewHttpClient(HttpURLConnection.java:1226)
	at sun.net.www.protocol.http.HttpURLConnection.plainConnect0(HttpURLConnection.java:1162)
	at sun.net.www.protocol.http.HttpURLConnection.plainConnect(HttpURLConnection.java:1056)
	at sun.net.www.protocol.http.HttpURLConnection.connect(HttpURLConnection.java:990)
	at sun.net.www.protocol.http.HttpURLConnection.getOutputStream0(HttpURLConnection.java:1340)
	at sun.net.www.protocol.http.HttpURLConnection.getOutputStream(HttpURLConnection.java:1315)
	at pygmy.com.utils.HttpRESTUtils.httpPostJSON(HttpRESTUtils.java:105)
	at pygmy.com.catalog.CatalogServer$4.run(CatalogServer.java:399)
	at java.lang.Thread.run(Thread.java:748)
CatalogServer : tid=32 : 04-27-2020; 13:50:59.178 :: Replicated order: #OD1112120770-1588009859174-258 on replica server..
java.net.ConnectException: Connection refused (Connection refused)
	at java.net.PlainSocketImpl.socketConnect(Native Method)
	at java.net.AbstractPlainSocketImpl.doConnect(AbstractPlainSocketImpl.java:350)
	at java.net.AbstractPlainSocketImpl.connectToAddress(AbstractPlainSocketImpl.java:206)
	at java.net.AbstractPlainSocketImpl.connect(AbstractPlainSocketImpl.java:188)
	at java.net.SocksSocketImpl.connect(SocksSocketImpl.java:392)
	at java.net.Socket.connect(Socket.java:607)
	at sun.net.NetworkClient.doConnect(NetworkClient.java:175)
	at sun.net.www.http.HttpClient.openServer(HttpClient.java:463)
	at sun.net.www.http.HttpClient.openServer(HttpClient.java:558)
	at sun.net.www.http.HttpClient.<init>(HttpClient.java:242)
	at sun.net.www.http.HttpClient.New(HttpClient.java:339)
	at sun.net.www.http.HttpClient.New(HttpClient.java:357)
	at sun.net.www.protocol.http.HttpURLConnection.getNewHttpClient(HttpURLConnection.java:1226)
	at sun.net.www.protocol.http.HttpURLConnection.plainConnect0(HttpURLConnection.java:1162)
	at sun.net.www.protocol.http.HttpURLConnection.plainConnect(HttpURLConnection.java:1056)
	at sun.net.www.protocol.http.HttpURLConnection.connect(HttpURLConnection.java:990)
	at sun.net.www.protocol.http.HttpURLConnection.getInputStream0(HttpURLConnection.java:1570)
	at sun.net.www.protocol.http.HttpURLConnection.getInputStream(HttpURLConnection.java:1498)
	at pygmy.com.utils.HttpRESTUtils.httpPost(HttpRESTUtils.java:66)
	at pygmy.com.catalog.CatalogServer.transferToken(CatalogServer.java:470)
	at pygmy.com.catalog.CatalogServer.access$500(CatalogServer.java:32)
	at pygmy.com.catalog.CatalogServer$4.run(CatalogServer.java:414)
	at java.lang.Thread.run(Thread.java:748)
CatalogServer : tid=252 : 04-27-2020; 13:51:00.278 :: ACKing jobId: OD1112120770-1588009859174-258
TaskQueue : tid=271 : 04-27-2020; 13:51:02.487 :: Added task: DEFAULT to task queue!
CatalogServer : tid=32 : 04-27-2020; 13:51:02.487 :: Forcibly acquiring the token since replica server seems to be down..
CatalogServer : tid=32 : 04-27-2020; 13:51:02.488 :: Executing task: DEFAULT
CatalogServer : tid=271 : 04-27-2020; 13:51:03.589 :: ACKing jobId: EFAULT
CatalogServer : tid=251 : 04-27-2020; 13:51:03.591 :: Searching for book: 67720min
CatalogServer : tid=251 : 04-27-2020; 13:51:03.593 :: ACKing jobId: 1488861296-1588009863591-160
TaskQueue : tid=271 : 04-27-2020; 13:51:31.757 :: Added task: #OD765068070-1588009863796-258 to task queue!
CatalogServer : tid=32 : 04-27-2020; 13:51:31.758 :: Executing task: #OD765068070-1588009863796-258
CatalogServer : tid=271 : 04-27-2020; 13:51:32.860 :: ACKing jobId: OD765068070-1588009863796-258
TaskQueue : tid=251 : 04-27-2020; 13:51:33.907 :: Added task: DEFAULT to task queue!
CatalogServer : tid=32 : 04-27-2020; 13:51:33.907 :: Executing task: DEFAULT
CatalogServer : tid=251 : 04-27-2020; 13:51:35.008 :: ACKing jobId: EFAULT
CatalogServer : tid=252 : 04-27-2020; 13:51:35.012 :: Searching for book: rpcdummies
CatalogServer : tid=252 : 04-27-2020; 13:51:35.014 :: ACKing jobId: 6839-1588009895010-261
TaskQueue : tid=270 : 04-27-2020; 13:51:35.219 :: Added task: #OD1210978408-1588009895216-258 to task queue!
CatalogServer : tid=32 : 04-27-2020; 13:51:35.219 :: Executing task: #OD1210978408-1588009895216-258
CatalogServer : tid=270 : 04-27-2020; 13:51:36.320 :: ACKing jobId: OD1210978408-1588009895216-258
CatalogServer : tid=271 : 04-27-2020; 13:51:38.526 :: Searching for book: impstudent
CatalogServer : tid=271 : 04-27-2020; 13:51:38.528 :: ACKing jobId: 740324540-1588009898526-235
TaskQueue : tid=258 : 04-27-2020; 13:51:38.732 :: Added task: DEFAULT to task queue!
CatalogServer : tid=32 : 04-27-2020; 13:51:38.732 :: Executing task: DEFAULT
CatalogServer : tid=258 : 04-27-2020; 13:51:39.833 :: ACKing jobId: EFAULT
CatalogServer : tid=251 : 04-27-2020; 13:51:39.836 :: Searching for book: impstudent
CatalogServer : tid=251 : 04-27-2020; 13:51:39.837 :: ACKing jobId: 1610434435-1588009899835-160
TaskQueue : tid=252 : 04-27-2020; 13:51:40.042 :: Added task: #OD1727083278-1588009900040-236 to task queue!
CatalogServer : tid=32 : 04-27-2020; 13:51:40.042 :: Executing task: #OD1727083278-1588009900040-236
CatalogServer : tid=252 : 04-27-2020; 13:51:41.144 :: ACKing jobId: OD1727083278-1588009900040-236
CatalogServer : tid=271 : 04-27-2020; 13:51:42.350 :: Searching for book: project3
CatalogServer : tid=271 : 04-27-2020; 13:51:42.352 :: ACKing jobId: 1207796160-1588009902350-160
TaskQueue : tid=258 : 04-27-2020; 13:51:42.556 :: Added task: DEFAULT to task queue!
CatalogServer : tid=32 : 04-27-2020; 13:51:42.557 :: Executing task: DEFAULT
CatalogServer : tid=258 : 04-27-2020; 13:51:43.660 :: ACKing jobId: EFAULT
CatalogServer : tid=251 : 04-27-2020; 13:51:43.665 :: Searching for book: project3
CatalogServer : tid=251 : 04-27-2020; 13:51:43.667 :: ACKing jobId: 1174872866-1588009903664-258
TaskQueue : tid=252 : 04-27-2020; 13:51:43.872 :: Added task: #OD860186171-1588009903870-235 to task queue!
CatalogServer : tid=32 : 04-27-2020; 13:51:43.872 :: Executing task: #OD860186171-1588009903870-235
CatalogServer : tid=252 : 04-27-2020; 13:51:44.973 :: ACKing jobId: OD860186171-1588009903870-235
CatalogServer : tid=270 : 04-27-2020; 13:51:47.179 :: Searching for book: pioneer
CatalogServer : tid=270 : 04-27-2020; 13:51:47.181 :: ACKing jobId: 1019926664-1588009907179-81
TaskQueue : tid=271 : 04-27-2020; 13:51:47.386 :: Added task: DEFAULT to task queue!
CatalogServer : tid=32 : 04-27-2020; 13:51:47.386 :: Executing task: DEFAULT
CatalogServer : tid=271 : 04-27-2020; 13:51:48.487 :: ACKing jobId: EFAULT
CatalogServer : tid=258 : 04-27-2020; 13:51:48.489 :: Searching for book: pioneer
CatalogServer : tid=258 : 04-27-2020; 13:51:48.491 :: ACKing jobId: 1627033330-1588009908488-261
TaskQueue : tid=251 : 04-27-2020; 13:51:48.695 :: Added task: #OD1894868162-1588009908693-236 to task queue!
CatalogServer : tid=32 : 04-27-2020; 13:51:48.696 :: Executing task: #OD1894868162-1588009908693-236
CatalogServer : tid=251 : 04-27-2020; 13:51:49.796 :: ACKing jobId: OD1894868162-1588009908693-236
CatalogServer : tid=270 : 04-27-2020; 13:51:52.002 :: Searching for book: whytheory
CatalogServer : tid=270 : 04-27-2020; 13:51:52.004 :: ACKing jobId: 282306485-1588009912002-235
TaskQueue : tid=271 : 04-27-2020; 13:51:52.209 :: Added task: DEFAULT to task queue!
CatalogServer : tid=32 : 04-27-2020; 13:51:52.209 :: Executing task: DEFAULT
CatalogServer : tid=271 : 04-27-2020; 13:51:53.310 :: ACKing jobId: EFAULT
CatalogServer : tid=258 : 04-27-2020; 13:51:53.312 :: Searching for book: whytheory
CatalogServer : tid=258 : 04-27-2020; 13:51:53.314 :: ACKing jobId: 806282504-1588009913312-236
TaskQueue : tid=251 : 04-27-2020; 13:51:53.519 :: Added task: #OD1855144983-1588009913517-81 to task queue!
CatalogServer : tid=32 : 04-27-2020; 13:51:53.519 :: Executing task: #OD1855144983-1588009913517-81
CatalogServer : tid=251 : 04-27-2020; 13:51:54.620 :: ACKing jobId: OD1855144983-1588009913517-81
Initiating recovery of faulty replica server..
{
  "ID": "67720min",
  "Topic": "distributed-systems",
  "Cost": 20,
  "Stock": 34882,
  "Name": "How to get a good grade in 677 in 20 minutes a day."
}
{
  "ID": "rpcdummies",
  "Topic": "distributed-systems",
  "Cost": 15,
  "Stock": 35807,
  "Name": "RPCs for Dummies."
}
{
  "ID": "xenart177",
  "Topic": "graduate-school",
  "Cost": 25,
  "Stock": 44827,
  "Name": "Xen and the Art of Surviving Graduate School."
}
{
  "ID": "impstudent",
  "Topic": "graduate-school",
  "Cost": 30,
  "Stock": 55374,
  "Name": "Cooking for the Impatient Graduate Student."
}
{
  "ID": "pioneer",
  "Topic": "graduate-school",
  "Cost": 25,
  "Stock": 49725,
  "Name": "Spring in the Pioneer Valley."
}
{
  "ID": "whytheory",
  "Topic": "graduate-school",
  "Cost": 30,
  "Stock": 39856,
  "Name": "Why theory classes are so hard."
}
{
  "ID": "project3",
  "Topic": "distributed-systems",
  "Cost": 35,
  "Stock": 57840,
  "Name": "How to finish Project 3 on time"
}
Recovered faulty replica server..
CatalogServer : tid=313 : 04-27-2020; 13:52:24.910 :: Searching for book: impstudent
CatalogServer : tid=313 : 04-27-2020; 13:52:24.913 :: ACKing jobId: 586850964-1588009944908-261
CatalogServer : tid=312 : 04-27-2020; 13:52:25.231 :: Searching for book: 67720min
CatalogServer : tid=312 : 04-27-2020; 13:52:25.233 :: ACKing jobId: 625065357-1588009945230-160
TaskQueue : tid=313 : 04-27-2020; 13:52:28.939 :: Added task: DEFAULT to task queue!
CatalogServer : tid=32 : 04-27-2020; 13:52:28.939 :: Executing task: DEFAULT
CatalogServer : tid=32 : 04-27-2020; 13:52:28.946 :: Replicated order: DEFAULT on replica server..
CatalogServer : tid=313 : 04-27-2020; 13:52:30.040 :: ACKing jobId: EFAULT
CatalogServer : tid=251 : 04-27-2020; 13:52:30.043 :: Searching for book: xenart177
CatalogServer : tid=251 : 04-27-2020; 13:52:30.044 :: ACKing jobId: 2092419209-1588009950042-160
TaskQueue : tid=251 : 04-27-2020; 13:52:30.250 :: Added task: #OD1438323393-1588009950247-235 to task queue!
CatalogServer : tid=32 : 04-27-2020; 13:52:30.250 :: Executing task: #OD1438323393-1588009950247-235
CatalogServer : tid=32 : 04-27-2020; 13:52:30.254 :: Replicated order: #OD1438323393-1588009950247-235 on replica server..
CatalogServer : tid=251 : 04-27-2020; 13:52:31.351 :: ACKing jobId: OD1438323393-1588009950247-235
TaskQueue : tid=258 : 04-27-2020; 13:52:33.561 :: Added task: DEFAULT to task queue!
CatalogServer : tid=32 : 04-27-2020; 13:52:33.574 :: Executing task: DEFAULT
CatalogServer : tid=32 : 04-27-2020; 13:52:33.578 :: Replicated order: DEFAULT on replica server..
CatalogServer : tid=258 : 04-27-2020; 13:52:34.663 :: ACKing jobId: EFAULT
TaskQueue : tid=251 : 04-27-2020; 13:52:34.879 :: Added task: #OD1841747909-1588009954872-81 to task queue!
CatalogServer : tid=32 : 04-27-2020; 13:52:34.879 :: Executing task: #OD1841747909-1588009954872-81
CatalogServer : tid=32 : 04-27-2020; 13:52:34.882 :: Replicated order: #OD1841747909-1588009954872-81 on replica server..
CatalogServer : tid=251 : 04-27-2020; 13:52:35.980 :: ACKing jobId: OD1841747909-1588009954872-81
TaskQueue : tid=270 : 04-27-2020; 13:52:38.193 :: Added task: DEFAULT to task queue!
CatalogServer : tid=32 : 04-27-2020; 13:52:38.194 :: Executing task: DEFAULT
CatalogServer : tid=32 : 04-27-2020; 13:52:38.197 :: Replicated order: DEFAULT on replica server..
CatalogServer : tid=270 : 04-27-2020; 13:52:39.295 :: ACKing jobId: EFAULT
CatalogServer : tid=271 : 04-27-2020; 13:52:39.301 :: Searching for book: rpcdummies
CatalogServer : tid=271 : 04-27-2020; 13:52:39.302 :: ACKing jobId: 2087916043-1588009959298-160
CatalogServer : tid=313 : 04-27-2020; 13:52:39.515 :: Replicating order: #OD509704020-1588009959505-236..
TaskQueue : tid=312 : 04-27-2020; 13:52:43.032 :: Added task: DEFAULT to task queue!
CatalogServer : tid=32 : 04-27-2020; 13:52:43.033 :: Executing task: DEFAULT
CatalogServer : tid=32 : 04-27-2020; 13:52:43.035 :: Replicated order: DEFAULT on replica server..
CatalogServer : tid=312 : 04-27-2020; 13:52:44.134 :: ACKing jobId: EFAULT
CatalogServer : tid=251 : 04-27-2020; 13:52:44.136 :: Searching for book: impstudent
CatalogServer : tid=251 : 04-27-2020; 13:52:44.138 :: ACKing jobId: 629832712-1588009964136-235
CatalogServer : tid=313 : 04-27-2020; 13:52:44.347 :: Replicating order: #OD507581241-1588009964341-160..
TaskQueue : tid=251 : 04-27-2020; 13:52:47.861 :: Added task: DEFAULT to task queue!
CatalogServer : tid=32 : 04-27-2020; 13:52:47.861 :: Executing task: DEFAULT
CatalogServer : tid=32 : 04-27-2020; 13:52:47.865 :: Replicated order: DEFAULT on replica server..
CatalogServer : tid=251 : 04-27-2020; 13:52:48.963 :: ACKing jobId: EFAULT
CatalogServer : tid=258 : 04-27-2020; 13:52:48.965 :: Searching for book: project3
CatalogServer : tid=258 : 04-27-2020; 13:52:48.967 :: ACKing jobId: 869967987-1588009968964-160
TaskQueue : tid=271 : 04-27-2020; 13:52:49.174 :: Added task: #OD380292010-1588009969169-261 to task queue!
CatalogServer : tid=32 : 04-27-2020; 13:52:49.174 :: Executing task: #OD380292010-1588009969169-261
CatalogServer : tid=32 : 04-27-2020; 13:52:49.178 :: Replicated order: #OD380292010-1588009969169-261 on replica server..
CatalogServer : tid=271 : 04-27-2020; 13:52:50.275 :: ACKing jobId: OD380292010-1588009969169-261
TaskQueue : tid=312 : 04-27-2020; 13:52:52.591 :: Added task: DEFAULT to task queue!
CatalogServer : tid=32 : 04-27-2020; 13:52:52.591 :: Executing task: DEFAULT
CatalogServer : tid=32 : 04-27-2020; 13:52:52.594 :: Replicated order: DEFAULT on replica server..
CatalogServer : tid=312 : 04-27-2020; 13:52:53.692 :: ACKing jobId: EFAULT
CatalogServer : tid=313 : 04-27-2020; 13:52:53.694 :: Searching for book: pioneer
CatalogServer : tid=313 : 04-27-2020; 13:52:53.696 :: ACKing jobId: 12900476-1588009973694-261
TaskQueue : tid=258 : 04-27-2020; 13:52:53.902 :: Added task: #OD1360667954-1588009973898-235 to task queue!
CatalogServer : tid=32 : 04-27-2020; 13:52:53.902 :: Executing task: #OD1360667954-1588009973898-235
CatalogServer : tid=32 : 04-27-2020; 13:52:53.905 :: Replicated order: #OD1360667954-1588009973898-235 on replica server..
CatalogServer : tid=258 : 04-27-2020; 13:52:55.003 :: ACKing jobId: OD1360667954-1588009973898-235
TaskQueue : tid=271 : 04-27-2020; 13:52:57.416 :: Added task: DEFAULT to task queue!
CatalogServer : tid=32 : 04-27-2020; 13:52:57.417 :: Executing task: DEFAULT
CatalogServer : tid=32 : 04-27-2020; 13:52:57.419 :: Replicated order: DEFAULT on replica server..
CatalogServer : tid=271 : 04-27-2020; 13:52:58.518 :: ACKing jobId: EFAULT
CatalogServer : tid=270 : 04-27-2020; 13:52:58.520 :: Searching for book: whytheory
CatalogServer : tid=270 : 04-27-2020; 13:52:58.521 :: ACKing jobId: 1867407721-1588009978519-160
CatalogServer : tid=312 : 04-27-2020; 13:52:58.728 :: Replicating order: #OD1087662793-1588009978724-236..
