OrderServer : tid=1 : 04-27-2020; 13:16:19.400 :: Order Server, running on http://128.119.243.175:35660...
[Thread-0] INFO org.eclipse.jetty.util.log - Logging initialized @321ms to org.eclipse.jetty.util.log.Slf4jLog
[Thread-0] INFO spark.embeddedserver.jetty.EmbeddedJettyServer - == Spark has ignited ...
[Thread-0] INFO spark.embeddedserver.jetty.EmbeddedJettyServer - >> Listening on 0.0.0.0:35660
[Thread-0] INFO org.eclipse.jetty.server.Server - jetty-9.4.18.v20190429; built: 2019-04-29T20:42:08.989Z; git: e1bc35120a6617ee3df052294e433f3a25ce7097; jvm 1.8.0_252-8u252-b09-1~16.04-b09
[Thread-0] INFO org.eclipse.jetty.server.session - DefaultSessionIdManager workerName=node0
[Thread-0] INFO org.eclipse.jetty.server.session - No SessionScavenger set, using defaults
[Thread-0] INFO org.eclipse.jetty.server.session - node0 Scavenging every 600000ms
[Thread-0] INFO org.eclipse.jetty.server.AbstractConnector - Started ServerConnector@714082e7{HTTP/1.1,[http/1.1]}{0.0.0.0:35660}
[Thread-0] INFO org.eclipse.jetty.server.Server - Started @467ms
LoadBalancer : tid=29 : 04-27-2020; 13:16:28.896 :: Adding server: http://128.119.243.175:35640 to the load-balancer!
LoadBalancer : tid=29 : 04-27-2020; 13:16:28.897 :: Adding server: http://128.119.243.147:35640 to the load-balancer!
LoadBalancer : tid=96 : 04-27-2020; 13:26:32.575 :: Forwarding request to http://128.119.243.175:35640
OrderServer : tid=96 : 04-27-2020; 13:26:32.578 :: Asking CatalogServer to update count of book: pioneer
HeartbeatMonitor : tid=88 : 04-27-2020; 13:26:33.693 :: Marking Job: OD541651815-1588008392573-102 as complete!
OrderServer : tid=96 : 04-27-2020; 13:26:34.793 :: ACKing jobId: OD541651815-1588008392573-102
LoadBalancer : tid=216 : 04-27-2020; 13:43:30.425 :: Forwarding request to http://128.119.243.147:35640
OrderServer : tid=216 : 04-27-2020; 13:43:30.425 :: Asking CatalogServer to update count of book: xenart177
HeartbeatMonitor : tid=207 : 04-27-2020; 13:43:31.535 :: Marking Job: OD1846480874-1588009410422-81 as complete!
OrderServer : tid=216 : 04-27-2020; 13:43:32.636 :: ACKing jobId: OD1846480874-1588009410422-81
LoadBalancer : tid=131 : 04-27-2020; 13:43:37.473 :: Forwarding request to http://128.119.243.175:35640
OrderServer : tid=131 : 04-27-2020; 13:43:37.473 :: Asking CatalogServer to update count of book: xenart177
HeartbeatMonitor : tid=27 : 04-27-2020; 13:43:38.579 :: Marking Job: OD641533055-1588009417471-220 as complete!
OrderServer : tid=131 : 04-27-2020; 13:43:39.680 :: ACKing jobId: OD641533055-1588009417471-220
LoadBalancer : tid=216 : 04-27-2020; 13:43:44.721 :: Forwarding request to http://128.119.243.147:35640
OrderServer : tid=216 : 04-27-2020; 13:43:44.722 :: Asking CatalogServer to update count of book: 67720min
HeartbeatMonitor : tid=207 : 04-27-2020; 13:43:45.828 :: Marking Job: OD1038870572-1588009424720-220 as complete!
OrderServer : tid=216 : 04-27-2020; 13:43:46.929 :: ACKing jobId: OD1038870572-1588009424720-220
LoadBalancer : tid=199 : 04-27-2020; 13:43:51.665 :: Forwarding request to http://128.119.243.175:35640
OrderServer : tid=199 : 04-27-2020; 13:43:51.665 :: Asking CatalogServer to update count of book: 67720min
HeartbeatMonitor : tid=131 : 04-27-2020; 13:43:52.770 :: Marking Job: OD349834373-1588009431664-196 as complete!
OrderServer : tid=199 : 04-27-2020; 13:43:53.871 :: ACKing jobId: OD349834373-1588009431664-196
LoadBalancer : tid=216 : 04-27-2020; 13:43:58.704 :: Forwarding request to http://128.119.243.147:35640
OrderServer : tid=216 : 04-27-2020; 13:43:58.704 :: Asking CatalogServer to update count of book: 67720min
HeartbeatMonitor : tid=27 : 04-27-2020; 13:43:59.811 :: Marking Job: OD1775971928-1588009438703-160 as complete!
OrderServer : tid=216 : 04-27-2020; 13:44:00.912 :: ACKing jobId: OD1775971928-1588009438703-160
LoadBalancer : tid=225 : 04-27-2020; 13:44:05.751 :: Forwarding request to http://128.119.243.175:35640
OrderServer : tid=225 : 04-27-2020; 13:44:05.752 :: Asking CatalogServer to update count of book: rpcdummies
HeartbeatMonitor : tid=199 : 04-27-2020; 13:44:06.857 :: Marking Job: OD1234015711-1588009445750-212 as complete!
OrderServer : tid=225 : 04-27-2020; 13:44:07.958 :: ACKing jobId: OD1234015711-1588009445750-212
LoadBalancer : tid=199 : 04-27-2020; 13:44:12.791 :: Forwarding request to http://128.119.243.147:35640
OrderServer : tid=199 : 04-27-2020; 13:44:12.791 :: Asking CatalogServer to update count of book: rpcdummies
HeartbeatMonitor : tid=225 : 04-27-2020; 13:44:13.896 :: Marking Job: OD1024268018-1588009452790-196 as complete!
OrderServer : tid=199 : 04-27-2020; 13:44:14.998 :: ACKing jobId: OD1024268018-1588009452790-196
LoadBalancer : tid=207 : 04-27-2020; 13:44:19.033 :: Forwarding request to http://128.119.243.175:35640
OrderServer : tid=207 : 04-27-2020; 13:44:19.033 :: Asking CatalogServer to update count of book: impstudent
HeartbeatMonitor : tid=227 : 04-27-2020; 13:44:20.139 :: Marking Job: OD1753374836-1588009459032-212 as complete!
OrderServer : tid=207 : 04-27-2020; 13:44:21.240 :: ACKing jobId: OD1753374836-1588009459032-212
LoadBalancer : tid=227 : 04-27-2020; 13:44:26.071 :: Forwarding request to http://128.119.243.147:35640
OrderServer : tid=227 : 04-27-2020; 13:44:26.072 :: Asking CatalogServer to update count of book: impstudent
HeartbeatMonitor : tid=225 : 04-27-2020; 13:44:27.198 :: Marking Job: OD379269759-1588009466070-196 as complete!
OrderServer : tid=227 : 04-27-2020; 13:44:28.299 :: ACKing jobId: OD379269759-1588009466070-196
LoadBalancer : tid=199 : 04-27-2020; 13:44:33.132 :: Forwarding request to http://128.119.243.175:35640
OrderServer : tid=199 : 04-27-2020; 13:44:33.132 :: Asking CatalogServer to update count of book: impstudent
HeartbeatMonitor : tid=216 : 04-27-2020; 13:44:34.237 :: Marking Job: OD1704359186-1588009473131-224 as complete!
OrderServer : tid=199 : 04-27-2020; 13:44:35.338 :: ACKing jobId: OD1704359186-1588009473131-224
LoadBalancer : tid=27 : 04-27-2020; 13:44:39.371 :: Forwarding request to http://128.119.243.147:35640
OrderServer : tid=27 : 04-27-2020; 13:44:39.371 :: Asking CatalogServer to update count of book: project3
HeartbeatMonitor : tid=225 : 04-27-2020; 13:44:40.476 :: Marking Job: OD371454419-1588009479369-220 as complete!
OrderServer : tid=27 : 04-27-2020; 13:44:41.577 :: ACKing jobId: OD371454419-1588009479369-220
LoadBalancer : tid=227 : 04-27-2020; 13:44:46.409 :: Forwarding request to http://128.119.243.175:35640
OrderServer : tid=227 : 04-27-2020; 13:44:46.409 :: Asking CatalogServer to update count of book: project3
HeartbeatMonitor : tid=27 : 04-27-2020; 13:44:47.516 :: Marking Job: OD1814237945-1588009486408-220 as complete!
OrderServer : tid=227 : 04-27-2020; 13:44:48.617 :: ACKing jobId: OD1814237945-1588009486408-220
LoadBalancer : tid=27 : 04-27-2020; 13:44:53.550 :: Forwarding request to http://128.119.243.147:35640
OrderServer : tid=27 : 04-27-2020; 13:44:53.551 :: Asking CatalogServer to update count of book: pioneer
HeartbeatMonitor : tid=216 : 04-27-2020; 13:44:54.656 :: Marking Job: OD1304790505-1588009493549-196 as complete!
OrderServer : tid=27 : 04-27-2020; 13:44:55.757 :: ACKing jobId: OD1304790505-1588009493549-196
LoadBalancer : tid=199 : 04-27-2020; 13:45:00.488 :: Forwarding request to http://128.119.243.175:35640
OrderServer : tid=199 : 04-27-2020; 13:45:00.489 :: Asking CatalogServer to update count of book: pioneer
HeartbeatMonitor : tid=216 : 04-27-2020; 13:45:01.594 :: Marking Job: OD1150400699-1588009500487-224 as complete!
OrderServer : tid=199 : 04-27-2020; 13:45:02.695 :: ACKing jobId: OD1150400699-1588009500487-224
LoadBalancer : tid=227 : 04-27-2020; 13:45:07.523 :: Forwarding request to http://128.119.243.147:35640
OrderServer : tid=227 : 04-27-2020; 13:45:07.524 :: Asking CatalogServer to update count of book: pioneer
HeartbeatMonitor : tid=207 : 04-27-2020; 13:45:08.629 :: Marking Job: OD292880275-1588009507522-212 as complete!
OrderServer : tid=227 : 04-27-2020; 13:45:09.730 :: ACKing jobId: OD292880275-1588009507522-212
LoadBalancer : tid=227 : 04-27-2020; 13:45:14.763 :: Forwarding request to http://128.119.243.175:35640
OrderServer : tid=227 : 04-27-2020; 13:45:14.763 :: Asking CatalogServer to update count of book: whytheory
HeartbeatMonitor : tid=27 : 04-27-2020; 13:45:15.868 :: Marking Job: OD1751565446-1588009514762-196 as complete!
OrderServer : tid=227 : 04-27-2020; 13:45:16.969 :: ACKing jobId: OD1751565446-1588009514762-196
LoadBalancer : tid=199 : 04-27-2020; 13:45:21.802 :: Forwarding request to http://128.119.243.147:35640
OrderServer : tid=199 : 04-27-2020; 13:45:21.802 :: Asking CatalogServer to update count of book: whytheory
HeartbeatMonitor : tid=27 : 04-27-2020; 13:45:22.907 :: Marking Job: OD1741100761-1588009521801-160 as complete!
OrderServer : tid=199 : 04-27-2020; 13:45:24.008 :: ACKing jobId: OD1741100761-1588009521801-160
LoadBalancer : tid=227 : 04-27-2020; 13:50:59.175 :: Forwarding request to http://128.119.243.175:35640
OrderServer : tid=227 : 04-27-2020; 13:50:59.176 :: Asking CatalogServer to update count of book: xenart177
HeartbeatMonitor : tid=225 : 04-27-2020; 13:51:00.279 :: Marking Job: OD1112120770-1588009859174-258 as complete!
OrderServer : tid=227 : 04-27-2020; 13:51:01.380 :: ACKing jobId: OD1112120770-1588009859174-258
LoadBalancer : tid=272 : 04-27-2020; 13:51:24.563 :: Forwarding request to http://128.119.243.147:35640
OrderServer : tid=272 : 04-27-2020; 13:51:24.563 :: Asking CatalogServer to update count of book: 67720min
java.net.ConnectException: Connection refused (Connection refused)
	at java.net.PlainSocketImpl.socketConnect(Native Method)
	at java.net.AbstractPlainSocketImpl.doConnect(AbstractPlainSocketImpl.java:350)
	at java.net.AbstractPlainSocketImpl.connectToAddress(AbstractPlainSocketImpl.java:206)
	at java.net.AbstractPlainSocketImpl.connect(AbstractPlainSocketImpl.java:188)
	at java.net.SocksSocketImpl.connect(SocksSocketImpl.java:392)
	at java.net.Socket.connect(Socket.java:607)
	at sun.net.NetworkClient.doConnect(NetworkClient.java:175)
	at sun.net.www.http.HttpClient.openServer(HttpClient.java:463)
	at sun.net.www.http.HttpClient.openServer(HttpClient.java:558)
	at sun.net.www.http.HttpClient.<init>(HttpClient.java:242)
	at sun.net.www.http.HttpClient.New(HttpClient.java:339)
	at sun.net.www.http.HttpClient.New(HttpClient.java:357)
	at sun.net.www.protocol.http.HttpURLConnection.getNewHttpClient(HttpURLConnection.java:1226)
	at sun.net.www.protocol.http.HttpURLConnection.plainConnect0(HttpURLConnection.java:1162)
	at sun.net.www.protocol.http.HttpURLConnection.plainConnect(HttpURLConnection.java:1056)
	at sun.net.www.protocol.http.HttpURLConnection.connect(HttpURLConnection.java:990)
	at sun.net.www.protocol.http.HttpURLConnection.getOutputStream0(HttpURLConnection.java:1340)
	at sun.net.www.protocol.http.HttpURLConnection.getOutputStream(HttpURLConnection.java:1315)
	at pygmy.com.utils.HttpRESTUtils.httpPostJSON(HttpRESTUtils.java:105)
	at pygmy.com.order.OrderServer.updateBook(OrderServer.java:237)
	at pygmy.com.order.OrderServer.lambda$main$0(OrderServer.java:96)
	at spark.RouteImpl$1.handle(RouteImpl.java:72)
	at spark.http.matching.Routes.execute(Routes.java:61)
	at spark.http.matching.MatcherFilter.doFilter(MatcherFilter.java:134)
	at spark.embeddedserver.jetty.JettyHandler.doHandle(JettyHandler.java:50)
	at org.eclipse.jetty.server.session.SessionHandler.doScope(SessionHandler.java:1671)
	at org.eclipse.jetty.server.handler.ScopedHandler.handle(ScopedHandler.java:144)
	at org.eclipse.jetty.server.handler.HandlerWrapper.handle(HandlerWrapper.java:132)
	at org.eclipse.jetty.server.Server.handle(Server.java:505)
	at org.eclipse.jetty.server.HttpChannel.handle(HttpChannel.java:370)
	at org.eclipse.jetty.server.HttpConnection.onFillable(HttpConnection.java:267)
	at org.eclipse.jetty.io.AbstractConnection$ReadCallback.succeeded(AbstractConnection.java:305)
	at org.eclipse.jetty.io.FillInterest.fillable(FillInterest.java:103)
	at org.eclipse.jetty.io.ChannelEndPoint$2.run(ChannelEndPoint.java:117)
	at org.eclipse.jetty.util.thread.strategy.EatWhatYouKill.runTask(EatWhatYouKill.java:333)
	at org.eclipse.jetty.util.thread.strategy.EatWhatYouKill.doProduce(EatWhatYouKill.java:310)
	at org.eclipse.jetty.util.thread.strategy.EatWhatYouKill.tryProduce(EatWhatYouKill.java:168)
	at org.eclipse.jetty.util.thread.strategy.EatWhatYouKill.run(EatWhatYouKill.java:126)
	at org.eclipse.jetty.util.thread.ReservedThreadExecutor$ReservedThread.run(ReservedThreadExecutor.java:366)
	at org.eclipse.jetty.util.thread.QueuedThreadPool.runJob(QueuedThreadPool.java:698)
	at org.eclipse.jetty.util.thread.QueuedThreadPool$Runner.run(QueuedThreadPool.java:804)
	at java.lang.Thread.run(Thread.java:748)
java.net.ConnectException: Connection refused (Connection refused)
	at java.net.PlainSocketImpl.socketConnect(Native Method)
	at java.net.AbstractPlainSocketImpl.doConnect(AbstractPlainSocketImpl.java:350)
	at java.net.AbstractPlainSocketImpl.connectToAddress(AbstractPlainSocketImpl.java:206)
	at java.net.AbstractPlainSocketImpl.connect(AbstractPlainSocketImpl.java:188)
	at java.net.SocksSocketImpl.connect(SocksSocketImpl.java:392)
	at java.net.Socket.connect(Socket.java:607)
	at sun.net.NetworkClient.doConnect(NetworkClient.java:175)
	at sun.net.www.http.HttpClient.openServer(HttpClient.java:463)
	at sun.net.www.http.HttpClient.openServer(HttpClient.java:558)
	at sun.net.www.http.HttpClient.<init>(HttpClient.java:242)
	at sun.net.www.http.HttpClient.New(HttpClient.java:339)
	at sun.net.www.http.HttpClient.New(HttpClient.java:357)
	at sun.net.www.protocol.http.HttpURLConnection.getNewHttpClient(HttpURLConnection.java:1226)
	at sun.net.www.protocol.http.HttpURLConnection.plainConnect0(HttpURLConnection.java:1162)
	at sun.net.www.protocol.http.HttpURLConnection.plainConnect(HttpURLConnection.java:1056)
	at sun.net.www.protocol.http.HttpURLConnection.connect(HttpURLConnection.java:990)
	at sun.net.www.protocol.http.HttpURLConnection.getInputStream0(HttpURLConnection.java:1570)
	at sun.net.www.protocol.http.HttpURLConnection.getInputStream(HttpURLConnection.java:1498)
	at pygmy.com.utils.HttpRESTUtils.httpGet(HttpRESTUtils.java:29)
	at pygmy.com.scheduler.HeartbeatMonitor.isServerAlive(HeartbeatMonitor.java:114)
	at pygmy.com.scheduler.HeartbeatMonitor.getIncompleteJobs(HeartbeatMonitor.java:74)
	at pygmy.com.order.OrderServer$2.run(OrderServer.java:191)
	at java.lang.Thread.run(Thread.java:748)
HeartbeatMonitor : tid=32 : 04-27-2020; 13:51:31.753 :: Server: http://128.119.243.147:35640 has faulted. Asking LoadBalancer to remove this server..
LoadBalancer : tid=32 : 04-27-2020; 13:51:31.753 :: Removing server: http://128.119.243.147:35640 from the load-balancer!
LoadBalancer : tid=32 : 04-27-2020; 13:51:31.755 :: Forwarding request to http://128.119.243.175:35640
OrderServer : tid=32 : 04-27-2020; 13:51:31.755 :: Asking CatalogServer to update count of book: 67720min
HeartbeatMonitor : tid=227 : 04-27-2020; 13:51:32.862 :: Marking Job: OD765068070-1588009863796-258 as complete!
OrderServer : tid=272 : 04-27-2020; 13:51:33.671 :: ACKing jobId: OD765068070-1588009863796-258
LoadBalancer : tid=281 : 04-27-2020; 13:51:35.218 :: Forwarding request to http://128.119.243.175:35640
OrderServer : tid=281 : 04-27-2020; 13:51:35.218 :: Asking CatalogServer to update count of book: rpcdummies
HeartbeatMonitor : tid=225 : 04-27-2020; 13:51:36.322 :: Marking Job: OD1210978408-1588009895216-258 as complete!
OrderServer : tid=281 : 04-27-2020; 13:51:37.423 :: ACKing jobId: OD1210978408-1588009895216-258
LoadBalancer : tid=263 : 04-27-2020; 13:51:40.041 :: Forwarding request to http://128.119.243.175:35640
OrderServer : tid=263 : 04-27-2020; 13:51:40.041 :: Asking CatalogServer to update count of book: impstudent
HeartbeatMonitor : tid=227 : 04-27-2020; 13:51:41.145 :: Marking Job: OD1727083278-1588009900040-236 as complete!
OrderServer : tid=263 : 04-27-2020; 13:51:41.247 :: ACKing jobId: OD1727083278-1588009900040-236
LoadBalancer : tid=281 : 04-27-2020; 13:51:43.871 :: Forwarding request to http://128.119.243.175:35640
OrderServer : tid=281 : 04-27-2020; 13:51:43.871 :: Asking CatalogServer to update count of book: project3
HeartbeatMonitor : tid=227 : 04-27-2020; 13:51:44.974 :: Marking Job: OD860186171-1588009903870-235 as complete!
OrderServer : tid=281 : 04-27-2020; 13:51:46.076 :: ACKing jobId: OD860186171-1588009903870-235
LoadBalancer : tid=285 : 04-27-2020; 13:51:48.694 :: Forwarding request to http://128.119.243.175:35640
OrderServer : tid=285 : 04-27-2020; 13:51:48.695 :: Asking CatalogServer to update count of book: pioneer
HeartbeatMonitor : tid=272 : 04-27-2020; 13:51:49.797 :: Marking Job: OD1894868162-1588009908693-236 as complete!
OrderServer : tid=285 : 04-27-2020; 13:51:50.899 :: ACKing jobId: OD1894868162-1588009908693-236
LoadBalancer : tid=227 : 04-27-2020; 13:51:53.518 :: Forwarding request to http://128.119.243.175:35640
OrderServer : tid=227 : 04-27-2020; 13:51:53.518 :: Asking CatalogServer to update count of book: whytheory
HeartbeatMonitor : tid=272 : 04-27-2020; 13:51:54.621 :: Marking Job: OD1855144983-1588009913517-81 as complete!
OrderServer : tid=227 : 04-27-2020; 13:51:55.724 :: ACKing jobId: OD1855144983-1588009913517-81
LoadBalancer : tid=272 : 04-27-2020; 13:52:03.715 :: Adding server: http://128.119.243.147:35640 to the load-balancer!
LoadBalancer : tid=272 : 04-27-2020; 13:52:30.249 :: Forwarding request to http://128.119.243.175:35640
OrderServer : tid=272 : 04-27-2020; 13:52:30.249 :: Asking CatalogServer to update count of book: xenart177
HeartbeatMonitor : tid=281 : 04-27-2020; 13:52:31.353 :: Marking Job: OD1438323393-1588009950247-235 as complete!
OrderServer : tid=272 : 04-27-2020; 13:52:32.454 :: ACKing jobId: OD1438323393-1588009950247-235
LoadBalancer : tid=281 : 04-27-2020; 13:52:39.507 :: Forwarding request to http://128.119.243.147:35640
OrderServer : tid=281 : 04-27-2020; 13:52:39.507 :: Asking CatalogServer to update count of book: rpcdummies
HeartbeatMonitor : tid=263 : 04-27-2020; 13:52:40.621 :: Marking Job: OD509704020-1588009959505-236 as complete!
OrderServer : tid=281 : 04-27-2020; 13:52:41.722 :: ACKing jobId: OD509704020-1588009959505-236
LoadBalancer : tid=285 : 04-27-2020; 13:52:49.172 :: Forwarding request to http://128.119.243.175:35640
OrderServer : tid=285 : 04-27-2020; 13:52:49.172 :: Asking CatalogServer to update count of book: project3
HeartbeatMonitor : tid=225 : 04-27-2020; 13:52:50.277 :: Marking Job: OD380292010-1588009969169-261 as complete!
OrderServer : tid=285 : 04-27-2020; 13:52:51.378 :: ACKing jobId: OD380292010-1588009969169-261
LoadBalancer : tid=225 : 04-27-2020; 13:52:58.725 :: Forwarding request to http://128.119.243.147:35640
OrderServer : tid=225 : 04-27-2020; 13:52:58.725 :: Asking CatalogServer to update count of book: whytheory
HeartbeatMonitor : tid=285 : 04-27-2020; 13:52:59.831 :: Marking Job: OD1087662793-1588009978724-236 as complete!
OrderServer : tid=225 : 04-27-2020; 13:53:00.932 :: ACKing jobId: OD1087662793-1588009978724-236
